<?xml version="1.0" encoding="UTF-8"?>
<coverage generated="1732785268364" clover="3.2.0">
  <project timestamp="1732785268364" name="All files">
    <metrics statements="126" coveredstatements="125" conditionals="34" coveredconditionals="33" methods="6" coveredmethods="6" elements="166" coveredelements="164" complexity="0" loc="126" ncloc="126" packages="1" files="1" classes="1"/>
    <file name="index.ts" path="C:\Users\郝洪坤\Desktop\FrontEnd\byte-packer\src\index.ts">
      <metrics statements="126" coveredstatements="125" conditionals="34" coveredconditionals="33" methods="6" coveredmethods="6"/>
      <line num="1" count="24" type="cond" truecount="1" falsecount="0"/>
      <line num="2" count="24" type="stmt"/>
      <line num="3" count="24" type="stmt"/>
      <line num="4" count="24" type="stmt"/>
      <line num="5" count="24" type="stmt"/>
      <line num="7" count="24" type="cond" truecount="1" falsecount="0"/>
      <line num="8" count="24" type="stmt"/>
      <line num="10" count="24" type="stmt"/>
      <line num="12" count="24" type="stmt"/>
      <line num="14" count="24" type="stmt"/>
      <line num="15" count="24" type="cond" truecount="1" falsecount="0"/>
      <line num="16" count="7" type="cond" truecount="2" falsecount="0"/>
      <line num="17" count="1" type="stmt"/>
      <line num="18" count="1" type="stmt"/>
      <line num="19" count="7" type="stmt"/>
      <line num="20" count="7" type="stmt"/>
      <line num="23" count="24" type="stmt"/>
      <line num="24" count="24" type="stmt"/>
      <line num="25" count="24" type="stmt"/>
      <line num="26" count="24" type="stmt"/>
      <line num="27" count="24" type="stmt"/>
      <line num="28" count="24" type="stmt"/>
      <line num="29" count="24" type="stmt"/>
      <line num="30" count="24" type="stmt"/>
      <line num="31" count="24" type="stmt"/>
      <line num="32" count="24" type="stmt"/>
      <line num="33" count="24" type="stmt"/>
      <line num="34" count="24" type="stmt"/>
      <line num="35" count="24" type="stmt"/>
      <line num="36" count="24" type="stmt"/>
      <line num="37" count="24" type="stmt"/>
      <line num="38" count="24" type="stmt"/>
      <line num="39" count="24" type="stmt"/>
      <line num="41" count="24" type="cond" truecount="1" falsecount="0"/>
      <line num="42" count="53" type="stmt"/>
      <line num="43" count="53" type="stmt"/>
      <line num="44" count="53" type="cond" truecount="1" falsecount="0"/>
      <line num="45" count="7" type="stmt"/>
      <line num="46" count="7" type="stmt"/>
      <line num="47" count="7" type="stmt"/>
      <line num="49" count="53" type="stmt"/>
      <line num="51" count="53" type="cond" truecount="3" falsecount="0"/>
      <line num="52" count="7" type="stmt"/>
      <line num="53" count="53" type="cond" truecount="1" falsecount="0"/>
      <line num="54" count="46" type="stmt"/>
      <line num="55" count="46" type="stmt"/>
      <line num="56" count="53" type="stmt"/>
      <line num="57" count="53" type="stmt"/>
      <line num="58" count="24" type="stmt"/>
      <line num="60" count="24" type="cond" truecount="1" falsecount="0"/>
      <line num="61" count="2" type="cond" truecount="1" falsecount="0"/>
      <line num="62" count="1" type="stmt"/>
      <line num="63" count="1" type="stmt"/>
      <line num="65" count="1" type="stmt"/>
      <line num="66" count="2" type="stmt"/>
      <line num="68" count="24" type="cond" truecount="1" falsecount="0"/>
      <line num="69" count="18" type="stmt"/>
      <line num="70" count="18" type="stmt"/>
      <line num="71" count="18" type="stmt"/>
      <line num="73" count="18" type="cond" truecount="1" falsecount="0"/>
      <line num="74" count="27" type="stmt"/>
      <line num="75" count="27" type="stmt"/>
      <line num="76" count="27" type="cond" truecount="1" falsecount="0"/>
      <line num="77" count="3" type="stmt"/>
      <line num="78" count="3" type="stmt"/>
      <line num="79" count="3" type="stmt"/>
      <line num="81" count="27" type="stmt"/>
      <line num="82" count="27" type="stmt"/>
      <line num="84" count="27" type="cond" truecount="2" falsecount="0"/>
      <line num="85" count="2" type="stmt"/>
      <line num="86" count="2" type="stmt"/>
      <line num="87" count="2" type="stmt"/>
      <line num="88" count="27" type="cond" truecount="2" falsecount="0"/>
      <line num="89" count="1" type="stmt"/>
      <line num="90" count="25" type="cond" truecount="1" falsecount="0"/>
      <line num="91" count="24" type="stmt"/>
      <line num="92" count="24" type="cond" truecount="1" falsecount="0"/>
      <line num="93" count="25" type="stmt"/>
      <line num="94" count="25" type="stmt"/>
      <line num="95" count="25" type="stmt"/>
      <line num="96" count="25" type="stmt"/>
      <line num="97" count="25" type="stmt"/>
      <line num="98" count="24" type="stmt"/>
      <line num="99" count="27" type="stmt"/>
      <line num="101" count="18" type="stmt"/>
      <line num="102" count="18" type="stmt"/>
      <line num="104" count="24" type="cond" truecount="1" falsecount="0"/>
      <line num="105" count="3" type="stmt"/>
      <line num="106" count="3" type="stmt"/>
      <line num="107" count="3" type="stmt"/>
      <line num="108" count="3" type="stmt"/>
      <line num="110" count="24" type="cond" truecount="1" falsecount="0"/>
      <line num="111" count="3" type="stmt"/>
      <line num="112" count="3" type="stmt"/>
      <line num="113" count="3" type="stmt"/>
      <line num="115" count="3" type="cond" truecount="1" falsecount="0"/>
      <line num="116" count="11" type="cond" truecount="1" falsecount="0"/>
      <line num="117" count="1" type="stmt"/>
      <line num="118" count="1" type="cond" truecount="1" falsecount="0"/>
      <line num="120" count="10" type="stmt"/>
      <line num="121" count="10" type="stmt"/>
      <line num="122" count="11" type="cond" truecount="1" falsecount="0"/>
      <line num="123" count="2" type="stmt"/>
      <line num="124" count="2" type="stmt"/>
      <line num="125" count="2" type="cond" truecount="1" falsecount="0"/>
      <line num="127" count="10" type="stmt"/>
      <line num="128" count="10" type="stmt"/>
      <line num="130" count="11" type="cond" truecount="2" falsecount="0"/>
      <line num="131" count="2" type="stmt"/>
      <line num="132" count="2" type="stmt"/>
      <line num="133" count="2" type="stmt"/>
      <line num="134" count="2" type="stmt"/>
      <line num="135" count="11" type="cond" truecount="1" falsecount="1"/>
      <line num="136" count="0" type="stmt"/>
      <line num="137" count="8" type="stmt"/>
      <line num="138" count="8" type="stmt"/>
      <line num="139" count="8" type="stmt"/>
      <line num="140" count="8" type="stmt"/>
      <line num="141" count="8" type="stmt"/>
      <line num="142" count="8" type="stmt"/>
      <line num="143" count="8" type="stmt"/>
      <line num="144" count="8" type="cond" truecount="1" falsecount="0"/>
      <line num="146" count="10" type="stmt"/>
      <line num="147" count="10" type="stmt"/>
      <line num="148" count="3" type="stmt"/>
      <line num="149" count="24" type="stmt"/>
    </file>
  </project>
</coverage>
