{"C:\\Users\\郝洪坤\\Desktop\\FrontEnd\\byte-packer\\src\\index.ts": {"path":"C:\\Users\\郝洪坤\\Desktop\\FrontEnd\\byte-packer\\src\\index.ts","all":false,"statementMap":{"0":{"start":{"line":1,"column":0},"end":{"line":1,"column":29}},"1":{"start":{"line":2,"column":0},"end":{"line":2,"column":25}},"2":{"start":{"line":3,"column":0},"end":{"line":3,"column":22}},"3":{"start":{"line":4,"column":0},"end":{"line":4,"column":25}},"4":{"start":{"line":5,"column":0},"end":{"line":5,"column":35}},"6":{"start":{"line":7,"column":0},"end":{"line":7,"column":31}},"7":{"start":{"line":8,"column":0},"end":{"line":8,"column":25}},"9":{"start":{"line":10,"column":0},"end":{"line":10,"column":18}},"11":{"start":{"line":12,"column":0},"end":{"line":12,"column":23}},"13":{"start":{"line":14,"column":0},"end":{"line":14,"column":48}},"14":{"start":{"line":15,"column":0},"end":{"line":15,"column":22}},"15":{"start":{"line":16,"column":0},"end":{"line":16,"column":61}},"16":{"start":{"line":17,"column":0},"end":{"line":17,"column":27}},"17":{"start":{"line":18,"column":0},"end":{"line":18,"column":7}},"18":{"start":{"line":19,"column":0},"end":{"line":19,"column":49}},"19":{"start":{"line":20,"column":0},"end":{"line":20,"column":5}},"22":{"start":{"line":23,"column":0},"end":{"line":23,"column":16}},"23":{"start":{"line":24,"column":0},"end":{"line":24,"column":26}},"24":{"start":{"line":25,"column":0},"end":{"line":25,"column":47}},"25":{"start":{"line":26,"column":0},"end":{"line":26,"column":58}},"26":{"start":{"line":27,"column":0},"end":{"line":27,"column":50}},"27":{"start":{"line":28,"column":0},"end":{"line":28,"column":61}},"28":{"start":{"line":29,"column":0},"end":{"line":29,"column":48}},"29":{"start":{"line":30,"column":0},"end":{"line":30,"column":59}},"30":{"start":{"line":31,"column":0},"end":{"line":31,"column":49}},"31":{"start":{"line":32,"column":0},"end":{"line":32,"column":60}},"32":{"start":{"line":33,"column":0},"end":{"line":33,"column":56}},"33":{"start":{"line":34,"column":0},"end":{"line":34,"column":65}},"34":{"start":{"line":35,"column":0},"end":{"line":35,"column":54}},"35":{"start":{"line":36,"column":0},"end":{"line":36,"column":55}},"36":{"start":{"line":37,"column":0},"end":{"line":37,"column":30}},"37":{"start":{"line":38,"column":0},"end":{"line":38,"column":30}},"38":{"start":{"line":39,"column":0},"end":{"line":39,"column":6}},"40":{"start":{"line":41,"column":0},"end":{"line":41,"column":31}},"41":{"start":{"line":42,"column":0},"end":{"line":42,"column":24}},"42":{"start":{"line":43,"column":0},"end":{"line":43,"column":43}},"43":{"start":{"line":44,"column":0},"end":{"line":44,"column":18}},"44":{"start":{"line":45,"column":0},"end":{"line":45,"column":43}},"45":{"start":{"line":46,"column":0},"end":{"line":46,"column":51}},"46":{"start":{"line":47,"column":0},"end":{"line":47,"column":7}},"48":{"start":{"line":49,"column":0},"end":{"line":49,"column":29}},"50":{"start":{"line":51,"column":0},"end":{"line":51,"column":57}},"51":{"start":{"line":52,"column":0},"end":{"line":52,"column":31}},"52":{"start":{"line":53,"column":0},"end":{"line":53,"column":14}},"53":{"start":{"line":54,"column":0},"end":{"line":54,"column":51}},"54":{"start":{"line":55,"column":0},"end":{"line":55,"column":7}},"55":{"start":{"line":56,"column":0},"end":{"line":56,"column":35}},"56":{"start":{"line":57,"column":0},"end":{"line":57,"column":5}},"57":{"start":{"line":58,"column":0},"end":{"line":58,"column":3}},"59":{"start":{"line":60,"column":0},"end":{"line":60,"column":38}},"60":{"start":{"line":61,"column":0},"end":{"line":61,"column":42}},"61":{"start":{"line":62,"column":0},"end":{"line":62,"column":89}},"62":{"start":{"line":63,"column":0},"end":{"line":63,"column":5}},"64":{"start":{"line":65,"column":0},"end":{"line":65,"column":36}},"65":{"start":{"line":66,"column":0},"end":{"line":66,"column":3}},"67":{"start":{"line":68,"column":0},"end":{"line":68,"column":65}},"68":{"start":{"line":69,"column":0},"end":{"line":69,"column":27}},"69":{"start":{"line":70,"column":0},"end":{"line":70,"column":38}},"70":{"start":{"line":71,"column":0},"end":{"line":71,"column":29}},"72":{"start":{"line":73,"column":0},"end":{"line":73,"column":31}},"73":{"start":{"line":74,"column":0},"end":{"line":74,"column":20}},"74":{"start":{"line":75,"column":0},"end":{"line":75,"column":46}},"75":{"start":{"line":76,"column":0},"end":{"line":76,"column":21}},"76":{"start":{"line":77,"column":0},"end":{"line":77,"column":42}},"77":{"start":{"line":78,"column":0},"end":{"line":78,"column":54}},"78":{"start":{"line":79,"column":0},"end":{"line":79,"column":7}},"80":{"start":{"line":81,"column":0},"end":{"line":81,"column":29}},"81":{"start":{"line":82,"column":0},"end":{"line":82,"column":35}},"83":{"start":{"line":84,"column":0},"end":{"line":84,"column":41}},"84":{"start":{"line":85,"column":0},"end":{"line":85,"column":68}},"85":{"start":{"line":86,"column":0},"end":{"line":86,"column":57}},"86":{"start":{"line":87,"column":0},"end":{"line":87,"column":26}},"87":{"start":{"line":88,"column":0},"end":{"line":88,"column":32}},"88":{"start":{"line":89,"column":0},"end":{"line":89,"column":26}},"89":{"start":{"line":90,"column":0},"end":{"line":90,"column":14}},"90":{"start":{"line":91,"column":0},"end":{"line":91,"column":34}},"91":{"start":{"line":92,"column":0},"end":{"line":92,"column":41}},"92":{"start":{"line":93,"column":0},"end":{"line":93,"column":31}},"93":{"start":{"line":94,"column":0},"end":{"line":94,"column":78}},"94":{"start":{"line":95,"column":0},"end":{"line":95,"column":27}},"95":{"start":{"line":96,"column":0},"end":{"line":96,"column":28}},"96":{"start":{"line":97,"column":0},"end":{"line":97,"column":9}},"97":{"start":{"line":98,"column":0},"end":{"line":98,"column":7}},"98":{"start":{"line":99,"column":0},"end":{"line":99,"column":5}},"100":{"start":{"line":101,"column":0},"end":{"line":101,"column":16}},"101":{"start":{"line":102,"column":0},"end":{"line":102,"column":3}},"103":{"start":{"line":104,"column":0},"end":{"line":104,"column":37}},"104":{"start":{"line":105,"column":0},"end":{"line":105,"column":46}},"105":{"start":{"line":106,"column":0},"end":{"line":106,"column":39}},"106":{"start":{"line":107,"column":0},"end":{"line":107,"column":18}},"107":{"start":{"line":108,"column":0},"end":{"line":108,"column":3}},"109":{"start":{"line":110,"column":0},"end":{"line":110,"column":72}},"110":{"start":{"line":111,"column":0},"end":{"line":111,"column":38}},"111":{"start":{"line":112,"column":0},"end":{"line":112,"column":18}},"112":{"start":{"line":113,"column":0},"end":{"line":113,"column":29}},"114":{"start":{"line":115,"column":0},"end":{"line":115,"column":31}},"115":{"start":{"line":116,"column":0},"end":{"line":116,"column":33}},"116":{"start":{"line":117,"column":0},"end":{"line":117,"column":45}},"117":{"start":{"line":118,"column":0},"end":{"line":118,"column":7}},"119":{"start":{"line":120,"column":0},"end":{"line":120,"column":20}},"120":{"start":{"line":121,"column":0},"end":{"line":121,"column":43}},"121":{"start":{"line":122,"column":0},"end":{"line":122,"column":18}},"122":{"start":{"line":123,"column":0},"end":{"line":123,"column":39}},"123":{"start":{"line":124,"column":0},"end":{"line":124,"column":51}},"124":{"start":{"line":125,"column":0},"end":{"line":125,"column":7}},"126":{"start":{"line":127,"column":0},"end":{"line":127,"column":29}},"127":{"start":{"line":128,"column":0},"end":{"line":128,"column":35}},"129":{"start":{"line":130,"column":0},"end":{"line":130,"column":41}},"130":{"start":{"line":131,"column":0},"end":{"line":131,"column":42}},"131":{"start":{"line":132,"column":0},"end":{"line":132,"column":58}},"132":{"start":{"line":133,"column":0},"end":{"line":133,"column":81}},"133":{"start":{"line":134,"column":0},"end":{"line":134,"column":24}},"134":{"start":{"line":135,"column":0},"end":{"line":135,"column":32}},"135":{"start":{"line":136,"column":0},"end":{"line":136,"column":24}},"136":{"start":{"line":137,"column":0},"end":{"line":137,"column":14}},"137":{"start":{"line":138,"column":0},"end":{"line":138,"column":34}},"138":{"start":{"line":139,"column":0},"end":{"line":139,"column":41}},"139":{"start":{"line":140,"column":0},"end":{"line":140,"column":31}},"140":{"start":{"line":141,"column":0},"end":{"line":141,"column":75}},"141":{"start":{"line":142,"column":0},"end":{"line":142,"column":26}},"142":{"start":{"line":143,"column":0},"end":{"line":143,"column":9}},"143":{"start":{"line":144,"column":0},"end":{"line":144,"column":7}},"145":{"start":{"line":146,"column":0},"end":{"line":146,"column":14}},"146":{"start":{"line":147,"column":0},"end":{"line":147,"column":5}},"147":{"start":{"line":148,"column":0},"end":{"line":148,"column":3}},"148":{"start":{"line":149,"column":0},"end":{"line":149,"column":1}}},"s":{"0":24,"1":24,"2":24,"3":24,"4":24,"6":24,"7":24,"9":24,"11":24,"13":24,"14":24,"15":7,"16":1,"17":1,"18":7,"19":7,"22":24,"23":24,"24":24,"25":24,"26":24,"27":24,"28":24,"29":24,"30":24,"31":24,"32":24,"33":24,"34":24,"35":24,"36":24,"37":24,"38":24,"40":24,"41":53,"42":53,"43":53,"44":7,"45":7,"46":7,"48":53,"50":53,"51":7,"52":53,"53":46,"54":46,"55":53,"56":53,"57":24,"59":24,"60":2,"61":1,"62":1,"64":1,"65":2,"67":24,"68":18,"69":18,"70":18,"72":18,"73":27,"74":27,"75":27,"76":3,"77":3,"78":3,"80":27,"81":27,"83":27,"84":2,"85":2,"86":2,"87":27,"88":1,"89":25,"90":24,"91":24,"92":25,"93":25,"94":25,"95":25,"96":25,"97":24,"98":27,"100":18,"101":18,"103":24,"104":3,"105":3,"106":3,"107":3,"109":24,"110":3,"111":3,"112":3,"114":3,"115":11,"116":1,"117":1,"119":10,"120":10,"121":11,"122":2,"123":2,"124":2,"126":10,"127":10,"129":11,"130":2,"131":2,"132":2,"133":2,"134":11,"135":0,"136":8,"137":8,"138":8,"139":8,"140":8,"141":8,"142":8,"143":8,"145":10,"146":10,"147":3,"148":24},"branchMap":{"0":{"type":"branch","line":1,"loc":{"start":{"line":1,"column":0},"end":{"line":149,"column":1}},"locations":[{"start":{"line":1,"column":0},"end":{"line":149,"column":1}}]},"1":{"type":"branch","line":7,"loc":{"start":{"line":7,"column":2},"end":{"line":58,"column":3}},"locations":[{"start":{"line":7,"column":2},"end":{"line":58,"column":3}}]},"2":{"type":"branch","line":15,"loc":{"start":{"line":15,"column":21},"end":{"line":20,"column":5}},"locations":[{"start":{"line":15,"column":21},"end":{"line":20,"column":5}}]},"3":{"type":"branch","line":16,"loc":{"start":{"line":16,"column":29},"end":{"line":16,"column":60}},"locations":[{"start":{"line":16,"column":29},"end":{"line":16,"column":60}}]},"4":{"type":"branch","line":16,"loc":{"start":{"line":16,"column":60},"end":{"line":18,"column":7}},"locations":[{"start":{"line":16,"column":60},"end":{"line":18,"column":7}}]},"5":{"type":"branch","line":41,"loc":{"start":{"line":41,"column":30},"end":{"line":57,"column":5}},"locations":[{"start":{"line":41,"column":30},"end":{"line":57,"column":5}}]},"6":{"type":"branch","line":44,"loc":{"start":{"line":44,"column":17},"end":{"line":47,"column":7}},"locations":[{"start":{"line":44,"column":17},"end":{"line":47,"column":7}}]},"7":{"type":"branch","line":51,"loc":{"start":{"line":51,"column":19},"end":{"line":51,"column":42}},"locations":[{"start":{"line":51,"column":19},"end":{"line":51,"column":42}}]},"8":{"type":"branch","line":51,"loc":{"start":{"line":51,"column":35},"end":{"line":51,"column":56}},"locations":[{"start":{"line":51,"column":35},"end":{"line":51,"column":56}}]},"9":{"type":"branch","line":51,"loc":{"start":{"line":51,"column":56},"end":{"line":53,"column":13}},"locations":[{"start":{"line":51,"column":56},"end":{"line":53,"column":13}}]},"10":{"type":"branch","line":53,"loc":{"start":{"line":53,"column":6},"end":{"line":55,"column":7}},"locations":[{"start":{"line":53,"column":6},"end":{"line":55,"column":7}}]},"11":{"type":"branch","line":60,"loc":{"start":{"line":60,"column":2},"end":{"line":66,"column":3}},"locations":[{"start":{"line":60,"column":2},"end":{"line":66,"column":3}}]},"12":{"type":"branch","line":61,"loc":{"start":{"line":61,"column":41},"end":{"line":65,"column":36}},"locations":[{"start":{"line":61,"column":41},"end":{"line":65,"column":36}}]},"13":{"type":"branch","line":68,"loc":{"start":{"line":68,"column":2},"end":{"line":102,"column":3}},"locations":[{"start":{"line":68,"column":2},"end":{"line":102,"column":3}}]},"14":{"type":"branch","line":73,"loc":{"start":{"line":73,"column":30},"end":{"line":99,"column":5}},"locations":[{"start":{"line":73,"column":30},"end":{"line":99,"column":5}}]},"15":{"type":"branch","line":76,"loc":{"start":{"line":76,"column":20},"end":{"line":79,"column":7}},"locations":[{"start":{"line":76,"column":20},"end":{"line":79,"column":7}}]},"16":{"type":"branch","line":84,"loc":{"start":{"line":84,"column":19},"end":{"line":84,"column":40}},"locations":[{"start":{"line":84,"column":19},"end":{"line":84,"column":40}}]},"17":{"type":"branch","line":84,"loc":{"start":{"line":84,"column":40},"end":{"line":88,"column":17}},"locations":[{"start":{"line":84,"column":40},"end":{"line":88,"column":17}}]},"18":{"type":"branch","line":88,"loc":{"start":{"line":88,"column":6},"end":{"line":98,"column":7}},"locations":[{"start":{"line":88,"column":6},"end":{"line":98,"column":7}}]},"19":{"type":"branch","line":88,"loc":{"start":{"line":88,"column":31},"end":{"line":90,"column":13}},"locations":[{"start":{"line":88,"column":31},"end":{"line":90,"column":13}}]},"20":{"type":"branch","line":90,"loc":{"start":{"line":90,"column":6},"end":{"line":98,"column":7}},"locations":[{"start":{"line":90,"column":6},"end":{"line":98,"column":7}}]},"21":{"type":"branch","line":92,"loc":{"start":{"line":92,"column":40},"end":{"line":97,"column":9}},"locations":[{"start":{"line":92,"column":40},"end":{"line":97,"column":9}}]},"22":{"type":"branch","line":104,"loc":{"start":{"line":104,"column":2},"end":{"line":108,"column":3}},"locations":[{"start":{"line":104,"column":2},"end":{"line":108,"column":3}}]},"23":{"type":"branch","line":110,"loc":{"start":{"line":110,"column":2},"end":{"line":148,"column":3}},"locations":[{"start":{"line":110,"column":2},"end":{"line":148,"column":3}}]},"24":{"type":"branch","line":115,"loc":{"start":{"line":115,"column":30},"end":{"line":147,"column":5}},"locations":[{"start":{"line":115,"column":30},"end":{"line":147,"column":5}}]},"25":{"type":"branch","line":116,"loc":{"start":{"line":116,"column":32},"end":{"line":118,"column":7}},"locations":[{"start":{"line":116,"column":32},"end":{"line":118,"column":7}}]},"26":{"type":"branch","line":118,"loc":{"start":{"line":118,"column":6},"end":{"line":122,"column":17}},"locations":[{"start":{"line":118,"column":6},"end":{"line":122,"column":17}}]},"27":{"type":"branch","line":122,"loc":{"start":{"line":122,"column":17},"end":{"line":125,"column":7}},"locations":[{"start":{"line":122,"column":17},"end":{"line":125,"column":7}}]},"28":{"type":"branch","line":125,"loc":{"start":{"line":125,"column":6},"end":{"line":130,"column":26}},"locations":[{"start":{"line":125,"column":6},"end":{"line":130,"column":26}}]},"29":{"type":"branch","line":130,"loc":{"start":{"line":130,"column":19},"end":{"line":130,"column":40}},"locations":[{"start":{"line":130,"column":19},"end":{"line":130,"column":40}}]},"30":{"type":"branch","line":130,"loc":{"start":{"line":130,"column":40},"end":{"line":135,"column":17}},"locations":[{"start":{"line":130,"column":40},"end":{"line":135,"column":17}}]},"31":{"type":"branch","line":135,"loc":{"start":{"line":135,"column":6},"end":{"line":144,"column":7}},"locations":[{"start":{"line":135,"column":6},"end":{"line":144,"column":7}}]},"32":{"type":"branch","line":135,"loc":{"start":{"line":135,"column":31},"end":{"line":137,"column":13}},"locations":[{"start":{"line":135,"column":31},"end":{"line":137,"column":13}}]},"33":{"type":"branch","line":144,"loc":{"start":{"line":144,"column":6},"end":{"line":147,"column":5}},"locations":[{"start":{"line":144,"column":6},"end":{"line":147,"column":5}}]}},"b":{"0":[24],"1":[24],"2":[7],"3":[6],"4":[1],"5":[53],"6":[7],"7":[48],"8":[47],"9":[7],"10":[46],"11":[2],"12":[1],"13":[18],"14":[27],"15":[3],"16":[25],"17":[2],"18":[25],"19":[1],"20":[24],"21":[25],"22":[3],"23":[3],"24":[11],"25":[1],"26":[10],"27":[2],"28":[10],"29":[8],"30":[2],"31":[8],"32":[0],"33":[10]},"fnMap":{"0":{"name":"<instance_members_initializer>","decl":{"start":{"line":1,"column":0},"end":{"line":149,"column":1}},"loc":{"start":{"line":1,"column":0},"end":{"line":149,"column":1}},"line":1},"1":{"name":"Packer","decl":{"start":{"line":7,"column":2},"end":{"line":58,"column":3}},"loc":{"start":{"line":7,"column":2},"end":{"line":58,"column":3}},"line":7},"2":{"name":"unpack","decl":{"start":{"line":60,"column":2},"end":{"line":66,"column":3}},"loc":{"start":{"line":60,"column":2},"end":{"line":66,"column":3}},"line":60},"3":{"name":"unpack_from","decl":{"start":{"line":68,"column":2},"end":{"line":102,"column":3}},"loc":{"start":{"line":68,"column":2},"end":{"line":102,"column":3}},"line":68},"4":{"name":"pack","decl":{"start":{"line":104,"column":2},"end":{"line":108,"column":3}},"loc":{"start":{"line":104,"column":2},"end":{"line":108,"column":3}},"line":104},"5":{"name":"pack_into","decl":{"start":{"line":110,"column":2},"end":{"line":148,"column":3}},"loc":{"start":{"line":110,"column":2},"end":{"line":148,"column":3}},"line":110}},"f":{"0":24,"1":24,"2":2,"3":18,"4":3,"5":3}}
}
